2018/09/28 17:28:31 [error] [exception.CHttpException.404] CHttpException: Unable to resolve the request "gii". in /opt/lampp/htdocs/yii/framework/web/CWebApplication.php:286
Stack trace:
#0 /opt/lampp/htdocs/yii/framework/web/CWebApplication.php(141): CWebApplication->runController('gii')
#1 /opt/lampp/htdocs/yii/framework/base/CApplication.php(185): CWebApplication->processRequest()
#2 /opt/lampp/htdocs/yii/testdrive/index.php(13): CApplication->run()
#3 {main}
REQUEST_URI=/yii/testdrive/index.php?r=gii
---
2018/09/28 17:46:35 [error] [exception.CHttpException.404] CHttpException: Unable to resolve the request "medinfiAnalytics". in /opt/lampp/htdocs/yii/framework/web/CWebApplication.php:286
Stack trace:
#0 /opt/lampp/htdocs/yii/framework/web/CWebApplication.php(141): CWebApplication->runController('medinfiAnalytic...')
#1 /opt/lampp/htdocs/yii/framework/base/CApplication.php(185): CWebApplication->processRequest()
#2 /opt/lampp/htdocs/yii/testdrive/index.php(13): CApplication->run()
#3 {main}
REQUEST_URI=/yii/testdrive/index.php?r=medinfiAnalytics
---
2018/09/28 17:49:01 [error] [exception.CHttpException.404] CHttpException: Unable to resolve the request "medinfiAnalytics". in /opt/lampp/htdocs/yii/framework/web/CWebApplication.php:286
Stack trace:
#0 /opt/lampp/htdocs/yii/framework/web/CWebApplication.php(141): CWebApplication->runController('medinfiAnalytic...')
#1 /opt/lampp/htdocs/yii/framework/base/CApplication.php(185): CWebApplication->processRequest()
#2 /opt/lampp/htdocs/yii/testdrive/index.php(13): CApplication->run()
#3 {main}
REQUEST_URI=/yii/testdrive/index.php?r=medinfiAnalytics
---
2018/09/28 17:49:11 [error] [exception.CHttpException.404] CHttpException: The system is unable to find the requested action "fuck". in /opt/lampp/htdocs/yii/framework/web/CController.php:486
Stack trace:
#0 /opt/lampp/htdocs/yii/framework/web/CController.php(270): CController->missingAction('fuck')
#1 /opt/lampp/htdocs/yii/framework/web/CWebApplication.php(282): CController->run('fuck')
#2 /opt/lampp/htdocs/yii/framework/web/CWebApplication.php(141): CWebApplication->runController('site/fuck')
#3 /opt/lampp/htdocs/yii/framework/base/CApplication.php(185): CWebApplication->processRequest()
#4 /opt/lampp/htdocs/yii/testdrive/index.php(13): CApplication->run()
#5 {main}
REQUEST_URI=/yii/testdrive/index.php?r=site/fuck
---
2018/09/28 18:18:10 [error] [exception.ParseError] ParseError: syntax error, unexpected '=' in /opt/lampp/htdocs/yii/testdrive/protected/controllers/SiteController.php:113
Stack trace:
#0 /opt/lampp/htdocs/yii/framework/web/CWebApplication.php(276): CWebApplication->createController('index/')
#1 /opt/lampp/htdocs/yii/framework/web/CWebApplication.php(141): CWebApplication->runController('site/index')
#2 /opt/lampp/htdocs/yii/framework/base/CApplication.php(185): CWebApplication->processRequest()
#3 /opt/lampp/htdocs/yii/testdrive/index.php(13): CApplication->run()
#4 {main}
REQUEST_URI=/yii/testdrive/index.php/site/index
HTTP_REFERER=http://localhost/yii/testdrive/index.php/site/contact
---
2018/09/28 18:19:06 [error] [exception.CHttpException.404] CHttpException: The system is unable to find the requested action "about". in /opt/lampp/htdocs/yii/framework/web/CController.php:486
Stack trace:
#0 /opt/lampp/htdocs/yii/framework/web/CController.php(270): CController->missingAction('about')
#1 /opt/lampp/htdocs/yii/framework/web/CWebApplication.php(282): CController->run('about')
#2 /opt/lampp/htdocs/yii/framework/web/CWebApplication.php(141): CWebApplication->runController('site/about')
#3 /opt/lampp/htdocs/yii/framework/base/CApplication.php(185): CWebApplication->processRequest()
#4 /opt/lampp/htdocs/yii/testdrive/index.php(13): CApplication->run()
#5 {main}
REQUEST_URI=/yii/testdrive/index.php/site/about
---
2018/09/28 18:42:42 [error] [system.db.CDbCommand] CDbCommand::fetchAll() failed: SQLSTATE[42S02]: Base table or view not found: 1146 Table 'testdrive.user' doesn't exist. The SQL statement executed was: SHOW FULL COLUMNS FROM `user`.
in /opt/lampp/htdocs/yii/testdrive/index.php (13)
2018/09/28 18:45:41 [error] [exception.Error] Error: Using $this when not in object context in /opt/lampp/htdocs/yii/framework/db/ar/CActiveRecord.php:1462
Stack trace:
#0 /opt/lampp/htdocs/yii/testdrive/protected/controllers/SiteController.php(32): CActiveRecord::find()
#1 /opt/lampp/htdocs/yii/framework/web/actions/CInlineAction.php(49): SiteController->actionIndex()
#2 /opt/lampp/htdocs/yii/framework/web/CController.php(308): CInlineAction->runWithParams(Array)
#3 /opt/lampp/htdocs/yii/framework/web/CController.php(286): CController->runAction(Object(CInlineAction))
#4 /opt/lampp/htdocs/yii/framework/web/CController.php(265): CController->runActionWithFilters(Object(CInlineAction), Array)
#5 /opt/lampp/htdocs/yii/framework/web/CWebApplication.php(282): CController->run('')
#6 /opt/lampp/htdocs/yii/framework/web/CWebApplication.php(141): CWebApplication->runController('')
#7 /opt/lampp/htdocs/yii/framework/base/CApplication.php(185): CWebApplication->processRequest()
#8 /opt/lampp/htdocs/yii/testdrive/index.php(13): CApplication->run()
#9 {main}
REQUEST_URI=/yii/testdrive/index.php
---
2018/09/28 19:10:35 [error] [exception.CException] CException: Users and its behaviors do not have a method or closure named "one". in /opt/lampp/htdocs/yii/framework/base/CComponent.php:266
Stack trace:
#0 /opt/lampp/htdocs/yii/framework/db/ar/CActiveRecord.php(229): CComponent->__call('one', Array)
#1 /opt/lampp/htdocs/yii/testdrive/protected/controllers/SiteController.php(33): CActiveRecord->__call('one', Array)
#2 /opt/lampp/htdocs/yii/framework/web/actions/CInlineAction.php(49): SiteController->actionIndex()
#3 /opt/lampp/htdocs/yii/framework/web/CController.php(308): CInlineAction->runWithParams(Array)
#4 /opt/lampp/htdocs/yii/framework/web/CController.php(286): CController->runAction(Object(CInlineAction))
#5 /opt/lampp/htdocs/yii/framework/web/CController.php(265): CController->runActionWithFilters(Object(CInlineAction), Array)
#6 /opt/lampp/htdocs/yii/framework/web/CWebApplication.php(282): CController->run('')
#7 /opt/lampp/htdocs/yii/framework/web/CWebApplication.php(141): CWebApplication->runController('')
#8 /opt/lampp/htdocs/yii/framework/base/CApplication.php(185): CWebApplication->processRequest()
#9 /opt/lampp/htdocs/yii/testdrive/index.php(13): CApplication->run()
#10 {main}
REQUEST_URI=/yii/testdrive/index.php
---
2018/09/28 19:31:11 [error] [php] Undefined variable: name (/opt/lampp/htdocs/yii/testdrive/protected/views/site/demo.php:10)
Stack trace:
#0 /opt/lampp/htdocs/yii/framework/web/CController.php(872): SiteController->renderFile()
#1 /opt/lampp/htdocs/yii/framework/web/CController.php(785): SiteController->renderPartial()
#2 /opt/lampp/htdocs/yii/testdrive/protected/controllers/SiteController.php(124): SiteController->render()
#3 /opt/lampp/htdocs/yii/framework/web/actions/CInlineAction.php(49): SiteController->actionDemo()
#4 /opt/lampp/htdocs/yii/framework/web/CController.php(308): CInlineAction->runWithParams()
#5 /opt/lampp/htdocs/yii/framework/web/CController.php(286): SiteController->runAction()
#6 /opt/lampp/htdocs/yii/framework/web/CController.php(265): SiteController->runActionWithFilters()
#7 /opt/lampp/htdocs/yii/framework/web/CWebApplication.php(282): SiteController->run()
#8 /opt/lampp/htdocs/yii/framework/web/CWebApplication.php(141): CWebApplication->runController()
#9 /opt/lampp/htdocs/yii/framework/base/CApplication.php(185): CWebApplication->processRequest()
#10 /opt/lampp/htdocs/yii/testdrive/index.php(13): CWebApplication->run()
REQUEST_URI=/yii/testdrive/index.php/site/demo
in /opt/lampp/htdocs/yii/testdrive/protected/views/site/demo.php (10)
in /opt/lampp/htdocs/yii/testdrive/protected/controllers/SiteController.php (124)
in /opt/lampp/htdocs/yii/testdrive/index.php (13)
2018/09/28 19:31:40 [error] [php] Undefined variable: users (/opt/lampp/htdocs/yii/testdrive/protected/views/site/demo.php:9)
Stack trace:
#0 /opt/lampp/htdocs/yii/framework/web/CController.php(872): SiteController->renderFile()
#1 /opt/lampp/htdocs/yii/framework/web/CController.php(785): SiteController->renderPartial()
#2 /opt/lampp/htdocs/yii/testdrive/protected/controllers/SiteController.php(124): SiteController->render()
#3 /opt/lampp/htdocs/yii/framework/web/actions/CInlineAction.php(49): SiteController->actionDemo()
#4 /opt/lampp/htdocs/yii/framework/web/CController.php(308): CInlineAction->runWithParams()
#5 /opt/lampp/htdocs/yii/framework/web/CController.php(286): SiteController->runAction()
#6 /opt/lampp/htdocs/yii/framework/web/CController.php(265): SiteController->runActionWithFilters()
#7 /opt/lampp/htdocs/yii/framework/web/CWebApplication.php(282): SiteController->run()
#8 /opt/lampp/htdocs/yii/framework/web/CWebApplication.php(141): CWebApplication->runController()
#9 /opt/lampp/htdocs/yii/framework/base/CApplication.php(185): CWebApplication->processRequest()
#10 /opt/lampp/htdocs/yii/testdrive/index.php(13): CWebApplication->run()
REQUEST_URI=/yii/testdrive/index.php/site/demo
in /opt/lampp/htdocs/yii/testdrive/protected/views/site/demo.php (9)
in /opt/lampp/htdocs/yii/testdrive/protected/controllers/SiteController.php (124)
in /opt/lampp/htdocs/yii/testdrive/index.php (13)
2018/09/28 19:33:06 [error] [php] Undefined variable: name (/opt/lampp/htdocs/yii/testdrive/protected/views/site/demo.php:10)
Stack trace:
#0 /opt/lampp/htdocs/yii/framework/web/CController.php(872): SiteController->renderFile()
#1 /opt/lampp/htdocs/yii/framework/web/CController.php(785): SiteController->renderPartial()
#2 /opt/lampp/htdocs/yii/testdrive/protected/controllers/SiteController.php(125): SiteController->render()
#3 /opt/lampp/htdocs/yii/framework/web/actions/CInlineAction.php(49): SiteController->actionDemo()
#4 /opt/lampp/htdocs/yii/framework/web/CController.php(308): CInlineAction->runWithParams()
#5 /opt/lampp/htdocs/yii/framework/web/CController.php(286): SiteController->runAction()
#6 /opt/lampp/htdocs/yii/framework/web/CController.php(265): SiteController->runActionWithFilters()
#7 /opt/lampp/htdocs/yii/framework/web/CWebApplication.php(282): SiteController->run()
#8 /opt/lampp/htdocs/yii/framework/web/CWebApplication.php(141): CWebApplication->runController()
#9 /opt/lampp/htdocs/yii/framework/base/CApplication.php(185): CWebApplication->processRequest()
#10 /opt/lampp/htdocs/yii/testdrive/index.php(13): CWebApplication->run()
REQUEST_URI=/yii/testdrive/index.php/site/demo
in /opt/lampp/htdocs/yii/testdrive/protected/views/site/demo.php (10)
in /opt/lampp/htdocs/yii/testdrive/protected/controllers/SiteController.php (125)
in /opt/lampp/htdocs/yii/testdrive/index.php (13)
